<?xml version="1.0" encoding="UTF-8"?>
<!-- Generated by org.testng.reporters.JUnitReportReporter -->
<testsuite hostname="NX00427" failures="0" tests="1" name="Test_Cases.CreateAccount_Testcase$Signup_Testcase" time="1.994" errors="0" timestamp="15 Sep 2021 15:50:25 GMT" skipped="0">
  <testcase classname="Test_Cases.CreateAccount_Testcase$Signup_Testcase" name="test_Home_Page_Appear_Correct" time="1.994"/>
</testsuite> <!-- Test_Cases.CreateAccount_Testcase$Signup_Testcase -->
